[TEMPLATE] Loading template model: "./../../devenv/hooded-crow-modeller/human_male.glb"
[TEMPLATE] Scale: 0.1, Rotation: Vec3(0.0, 0.0, 0.0), Transparency: 0.5
[TEMPLATE] Spawning template entity with transform: Transform { translation: Vec3(0.0, 0.0, 0.0), rotation: Quat(0.0, 0.0, 0.0, 1.0), scale: Vec3(0.1, 0.1, 0.1) }
[TEMPLATE] Spawned template entity: 3v1
[MODEL] Parsing TOML data into model
[MODEL] Root keys: ["body"]
[MODEL] Found triangles key in body.lower_spine
[MODEL] Triangle table in body.lower_spine contains 2 entries: ["f1", "f2"]
[MODEL] Triangle 'f1' has vertices: ["ls1", "ls2", "ls3"]
[MODEL] Triangle 'f2' has vertices: ["ls2", "ls3", "ls4"]
[MODEL] Found triangles key in body.lower_spine.middle_spine
[MODEL] Triangle table in body.lower_spine.middle_spine contains 0 entries: []
[COLLECT BONES] Processing path: body, table keys: ["left_pelvis", "lower_spine", "lower_waist", "right_pelvis", "super_waist", "waist"]
[COLLECT BONES] Processing path: body.left_pelvis, table keys: ["left_upper_leg", "len", "orient", "rot", "slope"]
[COLLECT BONES] Checking for triangles in bone 'body.left_pelvis'
[TRIANGLE PARSE] Searching for triangles in table with keys: ["left_upper_leg", "len", "orient", "rot", "slope"]
[BONE CREATE] For bone 'body.left_pelvis', triangle_defs count: 0
Created bone at body.left_pelvis: length=0.1, orientation=Some(90.0), rotation=Some(0.0)
[COLLECT_BONES] Bone 'body.left_pelvis' has 0 triangle definitions
[COLLECT BONES] Processing path: body.left_pelvis.left_upper_leg, table keys: ["left_lower_leg", "len", "slope"]
[COLLECT BONES] Checking for triangles in bone 'body.left_pelvis.left_upper_leg'
[TRIANGLE PARSE] Searching for triangles in table with keys: ["left_lower_leg", "len", "slope"]
[BONE CREATE] For bone 'body.left_pelvis.left_upper_leg', triangle_defs count: 0
Created bone at body.left_pelvis.left_upper_leg: length=0.3, orientation=None, rotation=None
[COLLECT_BONES] Bone 'body.left_pelvis.left_upper_leg' has 0 triangle definitions
[COLLECT BONES] Processing path: body.left_pelvis.left_upper_leg.left_lower_leg, table keys: ["left_foot", "len"]
[COLLECT BONES] Checking for triangles in bone 'body.left_pelvis.left_upper_leg.left_lower_leg'
[TRIANGLE PARSE] Searching for triangles in table with keys: ["left_foot", "len"]
[BONE CREATE] For bone 'body.left_pelvis.left_upper_leg.left_lower_leg', triangle_defs count: 0
Created bone at body.left_pelvis.left_upper_leg.left_lower_leg: length=0.5, orientation=None, rotation=None
[COLLECT_BONES] Bone 'body.left_pelvis.left_upper_leg.left_lower_leg' has 0 triangle definitions
[COLLECT BONES] Processing path: body.left_pelvis.left_upper_leg.left_lower_leg.left_foot, table keys: ["len", "orient", "slope"]
[COLLECT BONES] Checking for triangles in bone 'body.left_pelvis.left_upper_leg.left_lower_leg.left_foot'
[TRIANGLE PARSE] Searching for triangles in table with keys: ["len", "orient", "slope"]
[BONE CREATE] For bone 'body.left_pelvis.left_upper_leg.left_lower_leg.left_foot', triangle_defs count: 0
Created bone at body.left_pelvis.left_upper_leg.left_lower_leg.left_foot: length=0.3, orientation=Some(-55.0), rotation=None
[COLLECT_BONES] Bone 'body.left_pelvis.left_upper_leg.left_lower_leg.left_foot' has 0 triangle definitions
[COLLECT BONES] Processing path: body.lower_spine, table keys: ["len", "middle_spine", "orient", "rot", "slope", "triangles", "verts"]
[COLLECT BONES] Found 'triangles' key at path: body.lower_spine
[COLLECT BONES] Triangles value type: "table"
[COLLECT BONES] Triangles is a table with 2 entries
[COLLECT BONES] Triangle 'f1' has type: "table"
[COLLECT BONES] Triangle 'f1' has keys: ["col", "verts"]
[COLLECT BONES] Triangle 'f2' has type: "table"
[COLLECT BONES] Triangle 'f2' has keys: ["col", "verts"]
[COLLECT BONES] Checking for triangles in bone 'body.lower_spine'
[COLLECT BONES] Found triangles key in bone 'body.lower_spine'
[TRIANGLE PARSE] Searching for triangles in table with keys: ["len", "middle_spine", "orient", "rot", "slope", "triangles", "verts"]
[TRIANGLE PARSE] Found 'triangles' key in table with type: "table"
[TRIANGLE PARSE] 'triangles' is a table with 2 entries: ["f1", "f2"]
[TRIANGLE PARSE] Processing triangle 'f1' with type: "table"
[TRIANGLE PARSE] Found 'verts' key for triangle 'f1' with type: "array"
[TRIANGLE PARSE] 'verts' is an array with 3 elements
[TRIANGLE PARSE] Adding vertex ID from array[0]: ls1
[TRIANGLE PARSE] Adding vertex ID from array[1]: ls2
[TRIANGLE PARSE] Adding vertex ID from array[2]: ls3
[TRIANGLE PARSE] Triangle 'f1' has 3 vertices: ["ls1", "ls2", "ls3"]
[TRIANGLE PARSE] Triangle 'f1' color keys: long=false, short=true
[TRIANGLE PARSE] Found color for triangle 'f1' with type: "array"
[TRIANGLE PARSE] Triangle 'f1' has color: RGBA(0.0,0.0,1.0,0.5)
[TRIANGLE PARSE] Adding triangle 'f1' with vertices: ["ls1", "ls2", "ls3"]
[TRIANGLE PARSE] Processing triangle 'f2' with type: "table"
[TRIANGLE PARSE] Found 'verts' key for triangle 'f2' with type: "array"
[TRIANGLE PARSE] 'verts' is an array with 3 elements
[TRIANGLE PARSE] Adding vertex ID from array[0]: ls2
[TRIANGLE PARSE] Adding vertex ID from array[1]: ls3
[TRIANGLE PARSE] Adding vertex ID from array[2]: ls4
[TRIANGLE PARSE] Triangle 'f2' has 3 vertices: ["ls2", "ls3", "ls4"]
[TRIANGLE PARSE] Triangle 'f2' color keys: long=false, short=true
[TRIANGLE PARSE] Found color for triangle 'f2' with type: "array"
[TRIANGLE PARSE] Triangle 'f2' has color: RGBA(1.0,1.0,0.0,0.5)
[TRIANGLE PARSE] Adding triangle 'f2' with vertices: ["ls2", "ls3", "ls4"]
[TRIANGLE PARSE] Total triangles parsed: 2
[TRIANGLE PARSE] Triangle definitions: {"f2": ["ls2", "ls3", "ls4"], "f1": ["ls1", "ls2", "ls3"]}
[BONE CREATE] For bone 'body.lower_spine', triangle_defs count: 2
[BONE CREATE] Triangle names in 'body.lower_spine': ["f1", "f2"]
Created bone at body.lower_spine: length=0.2, orientation=Some(0.0), rotation=Some(0.0)
[COLLECT_BONES] Bone 'body.lower_spine' has 2 triangle definitions
[COLLECT BONES] Processing path: body.lower_spine.middle_spine, table keys: ["len", "triangles", "upper_spine"]
[COLLECT BONES] Found 'triangles' key at path: body.lower_spine.middle_spine
[COLLECT BONES] Triangles value type: "table"
[COLLECT BONES] Triangles is a table with 0 entries
[COLLECT BONES] Checking for triangles in bone 'body.lower_spine.middle_spine'
[COLLECT BONES] Found triangles key in bone 'body.lower_spine.middle_spine'
[TRIANGLE PARSE] Searching for triangles in table with keys: ["len", "triangles", "upper_spine"]
[TRIANGLE PARSE] Found 'triangles' key in table with type: "table"
[TRIANGLE PARSE] 'triangles' is a table with 0 entries: []
[TRIANGLE PARSE] Total triangles parsed: 0
[BONE CREATE] For bone 'body.lower_spine.middle_spine', triangle_defs count: 0
Created bone at body.lower_spine.middle_spine: length=0.18, orientation=None, rotation=None
[COLLECT_BONES] Bone 'body.lower_spine.middle_spine' has 0 triangle definitions
[COLLECT BONES] Processing path: body.lower_spine.middle_spine.upper_spine, table keys: ["left_upper_arm", "len", "neck", "right_upper_arm"]
[COLLECT BONES] Checking for triangles in bone 'body.lower_spine.middle_spine.upper_spine'
[TRIANGLE PARSE] Searching for triangles in table with keys: ["left_upper_arm", "len", "neck", "right_upper_arm"]
[BONE CREATE] For bone 'body.lower_spine.middle_spine.upper_spine', triangle_defs count: 0
Created bone at body.lower_spine.middle_spine.upper_spine: length=0.15, orientation=None, rotation=None
[COLLECT_BONES] Bone 'body.lower_spine.middle_spine.upper_spine' has 0 triangle definitions
[COLLECT BONES] Processing path: body.lower_spine.middle_spine.upper_spine.left_upper_arm, table keys: ["left_lower_arm", "len", "orient", "rot", "slope"]
[COLLECT BONES] Checking for triangles in bone 'body.lower_spine.middle_spine.upper_spine.left_upper_arm'
[TRIANGLE PARSE] Searching for triangles in table with keys: ["left_lower_arm", "len", "orient", "rot", "slope"]
[BONE CREATE] For bone 'body.lower_spine.middle_spine.upper_spine.left_upper_arm', triangle_defs count: 0
Created bone at body.lower_spine.middle_spine.upper_spine.left_upper_arm: length=0.3, orientation=Some(100.0), rotation=Some(0.0)
[COLLECT_BONES] Bone 'body.lower_spine.middle_spine.upper_spine.left_upper_arm' has 0 triangle definitions
[COLLECT BONES] Processing path: body.lower_spine.middle_spine.upper_spine.left_upper_arm.left_lower_arm, table keys: ["left_hand", "len"]
[COLLECT BONES] Checking for triangles in bone 'body.lower_spine.middle_spine.upper_spine.left_upper_arm.left_lower_arm'
[TRIANGLE PARSE] Searching for triangles in table with keys: ["left_hand", "len"]
[BONE CREATE] For bone 'body.lower_spine.middle_spine.upper_spine.left_upper_arm.left_lower_arm', triangle_defs count: 0
Created bone at body.lower_spine.middle_spine.upper_spine.left_upper_arm.left_lower_arm: length=0.3, orientation=None, rotation=None
[COLLECT_BONES] Bone 'body.lower_spine.middle_spine.upper_spine.left_upper_arm.left_lower_arm' has 0 triangle definitions
[COLLECT BONES] Processing path: body.lower_spine.middle_spine.upper_spine.left_upper_arm.left_lower_arm.left_hand, table keys: ["len"]
[COLLECT BONES] Checking for triangles in bone 'body.lower_spine.middle_spine.upper_spine.left_upper_arm.left_lower_arm.left_hand'
[TRIANGLE PARSE] Searching for triangles in table with keys: ["len"]
[BONE CREATE] For bone 'body.lower_spine.middle_spine.upper_spine.left_upper_arm.left_lower_arm.left_hand', triangle_defs count: 0
Created bone at body.lower_spine.middle_spine.upper_spine.left_upper_arm.left_lower_arm.left_hand: length=0.1, orientation=None, rotation=None
[COLLECT_BONES] Bone 'body.lower_spine.middle_spine.upper_spine.left_upper_arm.left_lower_arm.left_hand' has 0 triangle definitions
[COLLECT BONES] Processing path: body.lower_spine.middle_spine.upper_spine.neck, table keys: ["head", "len"]
[COLLECT BONES] Checking for triangles in bone 'body.lower_spine.middle_spine.upper_spine.neck'
[TRIANGLE PARSE] Searching for triangles in table with keys: ["head", "len"]
[BONE CREATE] For bone 'body.lower_spine.middle_spine.upper_spine.neck', triangle_defs count: 0
Created bone at body.lower_spine.middle_spine.upper_spine.neck: length=0.12, orientation=None, rotation=None
[COLLECT_BONES] Bone 'body.lower_spine.middle_spine.upper_spine.neck' has 0 triangle definitions
[COLLECT BONES] Processing path: body.lower_spine.middle_spine.upper_spine.neck.head, table keys: ["len"]
[COLLECT BONES] Checking for triangles in bone 'body.lower_spine.middle_spine.upper_spine.neck.head'
[TRIANGLE PARSE] Searching for triangles in table with keys: ["len"]
[BONE CREATE] For bone 'body.lower_spine.middle_spine.upper_spine.neck.head', triangle_defs count: 0
Created bone at body.lower_spine.middle_spine.upper_spine.neck.head: length=0.25, orientation=None, rotation=None
[COLLECT_BONES] Bone 'body.lower_spine.middle_spine.upper_spine.neck.head' has 0 triangle definitions
[COLLECT BONES] Processing path: body.lower_spine.middle_spine.upper_spine.right_upper_arm, table keys: ["len", "orient", "right_lower_arm", "rot", "slope"]
[COLLECT BONES] Checking for triangles in bone 'body.lower_spine.middle_spine.upper_spine.right_upper_arm'
[TRIANGLE PARSE] Searching for triangles in table with keys: ["len", "orient", "right_lower_arm", "rot", "slope"]
[BONE CREATE] For bone 'body.lower_spine.middle_spine.upper_spine.right_upper_arm', triangle_defs count: 0
Created bone at body.lower_spine.middle_spine.upper_spine.right_upper_arm: length=0.3, orientation=Some(-100.0), rotation=Some(0.0)
[COLLECT_BONES] Bone 'body.lower_spine.middle_spine.upper_spine.right_upper_arm' has 0 triangle definitions
[COLLECT BONES] Processing path: body.lower_spine.middle_spine.upper_spine.right_upper_arm.right_lower_arm, table keys: ["len", "right_hand"]
[COLLECT BONES] Checking for triangles in bone 'body.lower_spine.middle_spine.upper_spine.right_upper_arm.right_lower_arm'
[TRIANGLE PARSE] Searching for triangles in table with keys: ["len", "right_hand"]
[BONE CREATE] For bone 'body.lower_spine.middle_spine.upper_spine.right_upper_arm.right_lower_arm', triangle_defs count: 0
Created bone at body.lower_spine.middle_spine.upper_spine.right_upper_arm.right_lower_arm: length=0.3, orientation=None, rotation=None
[COLLECT_BONES] Bone 'body.lower_spine.middle_spine.upper_spine.right_upper_arm.right_lower_arm' has 0 triangle definitions
[COLLECT BONES] Processing path: body.lower_spine.middle_spine.upper_spine.right_upper_arm.right_lower_arm.right_hand, table keys: ["len"]
[COLLECT BONES] Checking for triangles in bone 'body.lower_spine.middle_spine.upper_spine.right_upper_arm.right_lower_arm.right_hand'
[TRIANGLE PARSE] Searching for triangles in table with keys: ["len"]
[BONE CREATE] For bone 'body.lower_spine.middle_spine.upper_spine.right_upper_arm.right_lower_arm.right_hand', triangle_defs count: 0
Created bone at body.lower_spine.middle_spine.upper_spine.right_upper_arm.right_lower_arm.right_hand: length=0.1, orientation=None, rotation=None
[COLLECT_BONES] Bone 'body.lower_spine.middle_spine.upper_spine.right_upper_arm.right_lower_arm.right_hand' has 0 triangle definitions
[COLLECT BONES] Processing path: body.right_pelvis, table keys: ["len", "orient", "right_upper_leg", "rot", "slope"]
[COLLECT BONES] Checking for triangles in bone 'body.right_pelvis'
[TRIANGLE PARSE] Searching for triangles in table with keys: ["len", "orient", "right_upper_leg", "rot", "slope"]
[BONE CREATE] For bone 'body.right_pelvis', triangle_defs count: 0
Created bone at body.right_pelvis: length=0.1, orientation=Some(-90.0), rotation=Some(0.0)
[COLLECT_BONES] Bone 'body.right_pelvis' has 0 triangle definitions
[COLLECT BONES] Processing path: body.right_pelvis.right_upper_leg, table keys: ["len", "right_lower_leg", "slope"]
[COLLECT BONES] Checking for triangles in bone 'body.right_pelvis.right_upper_leg'
[TRIANGLE PARSE] Searching for triangles in table with keys: ["len", "right_lower_leg", "slope"]
[BONE CREATE] For bone 'body.right_pelvis.right_upper_leg', triangle_defs count: 0
Created bone at body.right_pelvis.right_upper_leg: length=0.3, orientation=None, rotation=None
[COLLECT_BONES] Bone 'body.right_pelvis.right_upper_leg' has 0 triangle definitions
[COLLECT BONES] Processing path: body.right_pelvis.right_upper_leg.right_lower_leg, table keys: ["len", "right_foot"]
[COLLECT BONES] Checking for triangles in bone 'body.right_pelvis.right_upper_leg.right_lower_leg'
[TRIANGLE PARSE] Searching for triangles in table with keys: ["len", "right_foot"]
[BONE CREATE] For bone 'body.right_pelvis.right_upper_leg.right_lower_leg', triangle_defs count: 0
Created bone at body.right_pelvis.right_upper_leg.right_lower_leg: length=0.5, orientation=None, rotation=None
[COLLECT_BONES] Bone 'body.right_pelvis.right_upper_leg.right_lower_leg' has 0 triangle definitions
[COLLECT BONES] Processing path: body.right_pelvis.right_upper_leg.right_lower_leg.right_foot, table keys: ["len", "orient", "rot", "slope"]
[COLLECT BONES] Checking for triangles in bone 'body.right_pelvis.right_upper_leg.right_lower_leg.right_foot'
[TRIANGLE PARSE] Searching for triangles in table with keys: ["len", "orient", "rot", "slope"]
[BONE CREATE] For bone 'body.right_pelvis.right_upper_leg.right_lower_leg.right_foot', triangle_defs count: 0
Created bone at body.right_pelvis.right_upper_leg.right_lower_leg.right_foot: length=0.3, orientation=Some(90.0), rotation=Some(0.0)
[COLLECT_BONES] Bone 'body.right_pelvis.right_upper_leg.right_lower_leg.right_foot' has 0 triangle definitions
Found bones at depths: [1, 2, 3, 4, 5, 6]
Depth 1: ["body.left_pelvis", "body.lower_spine", "body.right_pelvis"]
Depth 2: ["body.left_pelvis.left_upper_leg", "body.lower_spine.middle_spine", "body.right_pelvis.right_upper_leg"]
Depth 3: ["body.left_pelvis.left_upper_leg.left_lower_leg", "body.lower_spine.middle_spine.upper_spine", "body.right_pelvis.right_upper_leg.right_lower_leg"]
Depth 4: ["body.left_pelvis.left_upper_leg.left_lower_leg.left_foot", "body.lower_spine.middle_spine.upper_spine.left_upper_arm", "body.lower_spine.middle_spine.upper_spine.neck", "body.lower_spine.middle_spine.upper_spine.right_upper_arm", "body.right_pelvis.right_upper_leg.right_lower_leg.right_foot"]
Depth 5: ["body.lower_spine.middle_spine.upper_spine.left_upper_arm.left_lower_arm", "body.lower_spine.middle_spine.upper_spine.neck.head", "body.lower_spine.middle_spine.upper_spine.right_upper_arm.right_lower_arm"]
Depth 6: ["body.lower_spine.middle_spine.upper_spine.left_upper_arm.left_lower_arm.left_hand", "body.lower_spine.middle_spine.upper_spine.right_upper_arm.right_lower_arm.right_hand"]
Processing bone at depth 1: body.left_pelvis (parent: )

Processing group at: body.left_pelvis
Group bones: ["body.left_pelvis"]
Group subgroups: ["left_upper_leg"]
Parent path: 

Processing bone: body.left_pelvis
Looking for parent: 
Root bone, starting at origin: body.left_pelvis
Bone body.left_pelvis from Vec3(0.0, 0.0, 0.0) to Vec3(0.1, 0.0, -4.371139e-9)

Checking subgroup: left_upper_leg for bone: body.left_pelvis
Bone name: left_pelvis
Processing bone at depth 1: body.lower_spine (parent: )

Processing group at: body.lower_spine
Group bones: ["body.lower_spine"]
Group subgroups: ["middle_spine"]
Parent path: 

Processing bone: body.lower_spine
Looking for parent: 
Root bone, starting at origin: body.lower_spine
Bone body.lower_spine from Vec3(0.0, 0.0, 0.0) to Vec3(0.0, 0.2, -8.742278e-9)

Checking subgroup: middle_spine for bone: body.lower_spine
Bone name: lower_spine
Processing bone at depth 1: body.right_pelvis (parent: )

Processing group at: body.right_pelvis
Group bones: ["body.right_pelvis"]
Group subgroups: ["right_upper_leg"]
Parent path: 

Processing bone: body.right_pelvis
Looking for parent: 
Root bone, starting at origin: body.right_pelvis
Bone body.right_pelvis from Vec3(0.0, 0.0, 0.0) to Vec3(-0.1, 0.0, -4.371139e-9)

Checking subgroup: right_upper_leg for bone: body.right_pelvis
Bone name: right_pelvis
Processing bone at depth 2: body.left_pelvis.left_upper_leg (parent: body.left_pelvis)

Processing group at: body.left_pelvis.left_upper_leg
Group bones: ["body.left_pelvis.left_upper_leg"]
Group subgroups: ["left_lower_leg"]
Parent path: body.left_pelvis

Processing bone: body.left_pelvis.left_upper_leg
Looking for parent: body.left_pelvis
Found parent body.left_pelvis at end: Vec3(0.1, 0.0, -4.371139e-9)
Bone body.left_pelvis.left_upper_leg from Vec3(0.1, 0.0, -4.371139e-9) to Vec3(0.2928363, -0.22981334, -1.2800282e-8)

Checking subgroup: left_lower_leg for bone: body.left_pelvis.left_upper_leg
Bone name: left_upper_leg
Processing bone at depth 2: body.lower_spine.middle_spine (parent: body.lower_spine)

Processing group at: body.lower_spine.middle_spine
Group bones: ["body.lower_spine.middle_spine"]
Group subgroups: ["upper_spine"]
Parent path: body.lower_spine

Processing bone: body.lower_spine.middle_spine
Looking for parent: body.lower_spine
Found parent body.lower_spine at end: Vec3(0.0, 0.2, -8.742278e-9)
Bone body.lower_spine.middle_spine from Vec3(0.0, 0.2, -8.742278e-9) to Vec3(0.0, 0.38, -1.661033e-8)

Checking subgroup: upper_spine for bone: body.lower_spine.middle_spine
Bone name: middle_spine
Processing bone at depth 2: body.right_pelvis.right_upper_leg (parent: body.right_pelvis)

Processing group at: body.right_pelvis.right_upper_leg
Group bones: ["body.right_pelvis.right_upper_leg"]
Group subgroups: ["right_lower_leg"]
Parent path: body.right_pelvis

Processing bone: body.right_pelvis.right_upper_leg
Looking for parent: body.right_pelvis
Found parent body.right_pelvis at end: Vec3(-0.1, 0.0, -4.371139e-9)
Bone body.right_pelvis.right_upper_leg from Vec3(-0.1, 0.0, -4.371139e-9) to Vec3(-0.2928363, -0.22981334, -1.2800282e-8)

Checking subgroup: right_lower_leg for bone: body.right_pelvis.right_upper_leg
Bone name: right_upper_leg
Processing bone at depth 3: body.left_pelvis.left_upper_leg.left_lower_leg (parent: body.left_pelvis.left_upper_leg)

Processing group at: body.left_pelvis.left_upper_leg.left_lower_leg
Group bones: ["body.left_pelvis.left_upper_leg.left_lower_leg"]
Group subgroups: ["left_foot"]
Parent path: body.left_pelvis.left_upper_leg

Processing bone: body.left_pelvis.left_upper_leg.left_lower_leg
Looking for parent: body.left_pelvis.left_upper_leg
Found parent body.left_pelvis.left_upper_leg at end: Vec3(0.2928363, -0.22981334, -1.2800282e-8)
Bone body.left_pelvis.left_upper_leg.left_lower_leg from Vec3(0.2928363, -0.22981334, -1.2800282e-8) to Vec3(0.61423016, -0.6128355, -2.6848852e-8)

Checking subgroup: left_foot for bone: body.left_pelvis.left_upper_leg.left_lower_leg
Bone name: left_lower_leg
Processing bone at depth 3: body.lower_spine.middle_spine.upper_spine (parent: body.lower_spine.middle_spine)

Processing group at: body.lower_spine.middle_spine.upper_spine
Group bones: ["body.lower_spine.middle_spine.upper_spine"]
Group subgroups: ["left_upper_arm", "neck", "right_upper_arm"]
Parent path: body.lower_spine.middle_spine

Processing bone: body.lower_spine.middle_spine.upper_spine
Looking for parent: body.lower_spine.middle_spine
Found parent body.lower_spine.middle_spine at end: Vec3(0.0, 0.38, -1.661033e-8)
Bone body.lower_spine.middle_spine.upper_spine from Vec3(0.0, 0.38, -1.661033e-8) to Vec3(0.0, 0.53, -2.3167038e-8)

Checking subgroup: left_upper_arm for bone: body.lower_spine.middle_spine.upper_spine
Bone name: upper_spine

Checking subgroup: neck for bone: body.lower_spine.middle_spine.upper_spine
Bone name: upper_spine

Checking subgroup: right_upper_arm for bone: body.lower_spine.middle_spine.upper_spine
Bone name: upper_spine
Processing bone at depth 3: body.right_pelvis.right_upper_leg.right_lower_leg (parent: body.right_pelvis.right_upper_leg)

Processing group at: body.right_pelvis.right_upper_leg.right_lower_leg
Group bones: ["body.right_pelvis.right_upper_leg.right_lower_leg"]
Group subgroups: ["right_foot"]
Parent path: body.right_pelvis.right_upper_leg

Processing bone: body.right_pelvis.right_upper_leg.right_lower_leg
Looking for parent: body.right_pelvis.right_upper_leg
Found parent body.right_pelvis.right_upper_leg at end: Vec3(-0.2928363, -0.22981334, -1.2800282e-8)
Bone body.right_pelvis.right_upper_leg.right_lower_leg from Vec3(-0.2928363, -0.22981334, -1.2800282e-8) to Vec3(-0.61423016, -0.6128355, -2.6848852e-8)

Checking subgroup: right_foot for bone: body.right_pelvis.right_upper_leg.right_lower_leg
Bone name: right_lower_leg
Processing bone at depth 4: body.left_pelvis.left_upper_leg.left_lower_leg.left_foot (parent: body.left_pelvis.left_upper_leg.left_lower_leg)

Processing group at: body.left_pelvis.left_upper_leg.left_lower_leg.left_foot
Group bones: ["body.left_pelvis.left_upper_leg.left_lower_leg.left_foot"]
Group subgroups: []
Parent path: body.left_pelvis.left_upper_leg.left_lower_leg

Processing bone: body.left_pelvis.left_upper_leg.left_lower_leg.left_foot
Looking for parent: body.left_pelvis.left_upper_leg.left_lower_leg
Found parent body.left_pelvis.left_upper_leg.left_lower_leg at end: Vec3(0.61423016, -0.6128355, -2.6848852e-8)
Bone body.left_pelvis.left_upper_leg.left_lower_leg.left_foot from Vec3(0.61423016, -0.6128355, -2.6848852e-8) to Vec3(0.7248365, -0.7446511, 0.2457456)
Processing bone at depth 4: body.lower_spine.middle_spine.upper_spine.left_upper_arm (parent: body.lower_spine.middle_spine.upper_spine)

Processing group at: body.lower_spine.middle_spine.upper_spine.left_upper_arm
Group bones: ["body.lower_spine.middle_spine.upper_spine.left_upper_arm"]
Group subgroups: ["left_lower_arm"]
Parent path: body.lower_spine.middle_spine.upper_spine

Processing bone: body.lower_spine.middle_spine.upper_spine.left_upper_arm
Looking for parent: body.lower_spine.middle_spine.upper_spine
Found parent body.lower_spine.middle_spine.upper_spine at end: Vec3(0.0, 0.53, -2.3167038e-8)
Bone body.lower_spine.middle_spine.upper_spine.left_upper_arm from Vec3(0.0, 0.53, -2.3167038e-8) to Vec3(0.29544237, 0.48104718, 0.017817337)

Checking subgroup: left_lower_arm for bone: body.lower_spine.middle_spine.upper_spine.left_upper_arm
Bone name: left_upper_arm
Processing bone at depth 4: body.lower_spine.middle_spine.upper_spine.neck (parent: body.lower_spine.middle_spine.upper_spine)

Processing group at: body.lower_spine.middle_spine.upper_spine.neck
Group bones: ["body.lower_spine.middle_spine.upper_spine.neck"]
Group subgroups: ["head"]
Parent path: body.lower_spine.middle_spine.upper_spine

Processing bone: body.lower_spine.middle_spine.upper_spine.neck
Looking for parent: body.lower_spine.middle_spine.upper_spine
Found parent body.lower_spine.middle_spine.upper_spine at end: Vec3(0.0, 0.53, -2.3167038e-8)
Bone body.lower_spine.middle_spine.upper_spine.neck from Vec3(0.0, 0.53, -2.3167038e-8) to Vec3(0.0, 0.65, -2.8412405e-8)

Checking subgroup: head for bone: body.lower_spine.middle_spine.upper_spine.neck
Bone name: neck
Processing bone at depth 4: body.lower_spine.middle_spine.upper_spine.right_upper_arm (parent: body.lower_spine.middle_spine.upper_spine)

Processing group at: body.lower_spine.middle_spine.upper_spine.right_upper_arm
Group bones: ["body.lower_spine.middle_spine.upper_spine.right_upper_arm"]
Group subgroups: ["right_lower_arm"]
Parent path: body.lower_spine.middle_spine.upper_spine

Processing bone: body.lower_spine.middle_spine.upper_spine.right_upper_arm
Looking for parent: body.lower_spine.middle_spine.upper_spine
Found parent body.lower_spine.middle_spine.upper_spine at end: Vec3(0.0, 0.53, -2.3167038e-8)
Bone body.lower_spine.middle_spine.upper_spine.right_upper_arm from Vec3(0.0, 0.53, -2.3167038e-8) to Vec3(-0.29544237, 0.48104718, 0.017817337)

Checking subgroup: right_lower_arm for bone: body.lower_spine.middle_spine.upper_spine.right_upper_arm
Bone name: right_upper_arm
Processing bone at depth 4: body.right_pelvis.right_upper_leg.right_lower_leg.right_foot (parent: body.right_pelvis.right_upper_leg.right_lower_leg)

Processing group at: body.right_pelvis.right_upper_leg.right_lower_leg.right_foot
Group bones: ["body.right_pelvis.right_upper_leg.right_lower_leg.right_foot"]
Group subgroups: []
Parent path: body.right_pelvis.right_upper_leg.right_lower_leg

Processing bone: body.right_pelvis.right_upper_leg.right_lower_leg.right_foot
Looking for parent: body.right_pelvis.right_upper_leg.right_lower_leg
Found parent body.right_pelvis.right_upper_leg.right_lower_leg at end: Vec3(-0.61423016, -0.6128355, -2.6848852e-8)
Bone body.right_pelvis.right_upper_leg.right_lower_leg.right_foot from Vec3(-0.61423016, -0.6128355, -2.6848852e-8) to Vec3(-0.61423016, -0.6128355, 0.29999998)
Processing bone at depth 5: body.lower_spine.middle_spine.upper_spine.left_upper_arm.left_lower_arm (parent: body.lower_spine.middle_spine.upper_spine.left_upper_arm)

Processing group at: body.lower_spine.middle_spine.upper_spine.left_upper_arm.left_lower_arm
Group bones: ["body.lower_spine.middle_spine.upper_spine.left_upper_arm.left_lower_arm"]
Group subgroups: ["left_hand"]
Parent path: body.lower_spine.middle_spine.upper_spine.left_upper_arm

Processing bone: body.lower_spine.middle_spine.upper_spine.left_upper_arm.left_lower_arm
Looking for parent: body.lower_spine.middle_spine.upper_spine.left_upper_arm
Found parent body.lower_spine.middle_spine.upper_spine.left_upper_arm at end: Vec3(0.29544237, 0.48104718, 0.017817337)
Bone body.lower_spine.middle_spine.upper_spine.left_upper_arm.left_lower_arm from Vec3(0.29544237, 0.48104718, 0.017817337) to Vec3(0.59088475, 0.4320944, 0.035634696)

Checking subgroup: left_hand for bone: body.lower_spine.middle_spine.upper_spine.left_upper_arm.left_lower_arm
Bone name: left_lower_arm
Processing bone at depth 5: body.lower_spine.middle_spine.upper_spine.neck.head (parent: body.lower_spine.middle_spine.upper_spine.neck)

Processing group at: body.lower_spine.middle_spine.upper_spine.neck.head
Group bones: ["body.lower_spine.middle_spine.upper_spine.neck.head"]
Group subgroups: []
Parent path: body.lower_spine.middle_spine.upper_spine.neck

Processing bone: body.lower_spine.middle_spine.upper_spine.neck.head
Looking for parent: body.lower_spine.middle_spine.upper_spine.neck
Found parent body.lower_spine.middle_spine.upper_spine.neck at end: Vec3(0.0, 0.65, -2.8412405e-8)
Bone body.lower_spine.middle_spine.upper_spine.neck.head from Vec3(0.0, 0.65, -2.8412405e-8) to Vec3(0.0, 0.9, -3.934025e-8)
Processing bone at depth 5: body.lower_spine.middle_spine.upper_spine.right_upper_arm.right_lower_arm (parent: body.lower_spine.middle_spine.upper_spine.right_upper_arm)

Processing group at: body.lower_spine.middle_spine.upper_spine.right_upper_arm.right_lower_arm
Group bones: ["body.lower_spine.middle_spine.upper_spine.right_upper_arm.right_lower_arm"]
Group subgroups: ["right_hand"]
Parent path: body.lower_spine.middle_spine.upper_spine.right_upper_arm

Processing bone: body.lower_spine.middle_spine.upper_spine.right_upper_arm.right_lower_arm
Looking for parent: body.lower_spine.middle_spine.upper_spine.right_upper_arm
Found parent body.lower_spine.middle_spine.upper_spine.right_upper_arm at end: Vec3(-0.29544237, 0.48104718, 0.017817337)
Bone body.lower_spine.middle_spine.upper_spine.right_upper_arm.right_lower_arm from Vec3(-0.29544237, 0.48104718, 0.017817337) to Vec3(-0.59088475, 0.4320944, 0.035634696)

Checking subgroup: right_hand for bone: body.lower_spine.middle_spine.upper_spine.right_upper_arm.right_lower_arm
Bone name: right_lower_arm
Processing bone at depth 6: body.lower_spine.middle_spine.upper_spine.left_upper_arm.left_lower_arm.left_hand (parent: body.lower_spine.middle_spine.upper_spine.left_upper_arm.left_lower_arm)

Processing group at: body.lower_spine.middle_spine.upper_spine.left_upper_arm.left_lower_arm.left_hand
Group bones: ["body.lower_spine.middle_spine.upper_spine.left_upper_arm.left_lower_arm.left_hand"]
Group subgroups: []
Parent path: body.lower_spine.middle_spine.upper_spine.left_upper_arm.left_lower_arm

Processing bone: body.lower_spine.middle_spine.upper_spine.left_upper_arm.left_lower_arm.left_hand
Looking for parent: body.lower_spine.middle_spine.upper_spine.left_upper_arm.left_lower_arm
Found parent body.lower_spine.middle_spine.upper_spine.left_upper_arm.left_lower_arm at end: Vec3(0.59088475, 0.4320944, 0.035634696)
Bone body.lower_spine.middle_spine.upper_spine.left_upper_arm.left_lower_arm.left_hand from Vec3(0.59088475, 0.4320944, 0.035634696) to Vec3(0.6893655, 0.4157768, 0.041573815)
Processing bone at depth 6: body.lower_spine.middle_spine.upper_spine.right_upper_arm.right_lower_arm.right_hand (parent: body.lower_spine.middle_spine.upper_spine.right_upper_arm.right_lower_arm)

Processing group at: body.lower_spine.middle_spine.upper_spine.right_upper_arm.right_lower_arm.right_hand
Group bones: ["body.lower_spine.middle_spine.upper_spine.right_upper_arm.right_lower_arm.right_hand"]
Group subgroups: []
Parent path: body.lower_spine.middle_spine.upper_spine.right_upper_arm.right_lower_arm

Processing bone: body.lower_spine.middle_spine.upper_spine.right_upper_arm.right_lower_arm.right_hand
Looking for parent: body.lower_spine.middle_spine.upper_spine.right_upper_arm.right_lower_arm
Found parent body.lower_spine.middle_spine.upper_spine.right_upper_arm.right_lower_arm at end: Vec3(-0.59088475, 0.4320944, 0.035634696)
Bone body.lower_spine.middle_spine.upper_spine.right_upper_arm.right_lower_arm.right_hand from Vec3(-0.59088475, 0.4320944, 0.035634696) to Vec3(-0.6893655, 0.4157768, 0.041573815)
Processed 19 bones
Bone body.right_pelvis: [0, 0, 0] -> [-0.1, 0, -0.000000004371139]
Bone body.left_pelvis.left_upper_leg.left_lower_leg.left_foot: [0.61423016, -0.6128355, -0.000000026848852] -> [0.7248365, -0.7446511, 0.2457456]
Bone body.right_pelvis.right_upper_leg.right_lower_leg.right_foot: [-0.61423016, -0.6128355, -0.000000026848852] -> [-0.61423016, -0.6128355, 0.29999998]
Bone body.lower_spine.middle_spine.upper_spine.right_upper_arm.right_lower_arm: [-0.29544237, 0.48104718, 0.017817337] -> [-0.59088475, 0.4320944, 0.035634696]
Bone body.lower_spine.middle_spine.upper_spine.neck: [0, 0.53, -0.000000023167038] -> [0, 0.65, -0.000000028412405]
Bone body.left_pelvis.left_upper_leg: [0.1, 0, -0.000000004371139] -> [0.2928363, -0.22981334, -0.000000012800282]
Bone body.right_pelvis.right_upper_leg: [-0.1, 0, -0.000000004371139] -> [-0.2928363, -0.22981334, -0.000000012800282]
Bone body.lower_spine.middle_spine.upper_spine: [0, 0.38, -0.00000001661033] -> [0, 0.53, -0.000000023167038]
Bone body.lower_spine.middle_spine.upper_spine.left_upper_arm: [0, 0.53, -0.000000023167038] -> [0.29544237, 0.48104718, 0.017817337]
Bone body.right_pelvis.right_upper_leg.right_lower_leg: [-0.2928363, -0.22981334, -0.000000012800282] -> [-0.61423016, -0.6128355, -0.000000026848852]
Bone body.lower_spine.middle_spine.upper_spine.right_upper_arm: [0, 0.53, -0.000000023167038] -> [-0.29544237, 0.48104718, 0.017817337]
Bone body.left_pelvis.left_upper_leg.left_lower_leg: [0.2928363, -0.22981334, -0.000000012800282] -> [0.61423016, -0.6128355, -0.000000026848852]
Bone body.lower_spine.middle_spine.upper_spine.neck.head: [0, 0.65, -0.000000028412405] -> [0, 0.9, -0.00000003934025]
Bone body.lower_spine.middle_spine.upper_spine.left_upper_arm.left_lower_arm.left_hand: [0.59088475, 0.4320944, 0.035634696] -> [0.6893655, 0.4157768, 0.041573815]
Bone body.lower_spine: [0, 0, 0] -> [0, 0.2, -0.000000008742278]
Bone body.lower_spine.middle_spine.upper_spine.left_upper_arm.left_lower_arm: [0.29544237, 0.48104718, 0.017817337] -> [0.59088475, 0.4320944, 0.035634696]
Bone body.left_pelvis: [0, 0, 0] -> [0.1, 0, -0.000000004371139]
Bone body.lower_spine.middle_spine: [0, 0.2, -0.000000008742278] -> [0, 0.38, -0.00000001661033]
Bone body.lower_spine.middle_spine.upper_spine.right_upper_arm.right_lower_arm.right_hand: [-0.59088475, 0.4320944, 0.035634696] -> [-0.6893655, 0.4157768, 0.041573815]
Setup: Vertex color for ls1: [0.7560001, 0.17999998, 0.9, 1.0]
Setup: Vertex color for ls2: [0.7560001, 0.17999998, 0.9, 1.0]
Setup: Vertex color for ls3: [0.7560001, 0.17999998, 0.9, 1.0]
Setup: Vertex color for ls4: [0.7560001, 0.17999998, 0.9, 1.0]
[SETUP] TRIANGLE DEBUG: Built vertex map with 4 vertices
[SETUP] TRIANGLE DEBUG: Vertex 'ls3' at Vec3(8.742278e-9, 0.08000001, 0.1)
[SETUP] TRIANGLE DEBUG: Vertex 'ls1' at Vec3(8.742278e-9, 4.371139e-9, 0.1)
[SETUP] TRIANGLE DEBUG: Vertex 'ls4' at Vec3(0.14722432, 0.080000006, 0.084999986)
[SETUP] TRIANGLE DEBUG: Vertex 'ls2' at Vec3(0.12990382, 3.2783536e-9, 0.07499999)
[SETUP] TRIANGLE DEBUG: Processing bone 'body.left_pelvis.left_upper_leg' with 0 triangle_defs
[SETUP] TRIANGLE DEBUG: Processing bone 'body.lower_spine.middle_spine.upper_spine.right_upper_arm' with 0 triangle_defs
[SETUP] TRIANGLE DEBUG: Processing bone 'body.lower_spine.middle_spine.upper_spine.left_upper_arm' with 0 triangle_defs
[SETUP] TRIANGLE DEBUG: Processing bone 'body.lower_spine.middle_spine.upper_spine.left_upper_arm.left_lower_arm.left_hand' with 0 triangle_defs
[SETUP] TRIANGLE DEBUG: Processing bone 'body.lower_spine.middle_spine' with 0 triangle_defs
[SETUP] TRIANGLE DEBUG: Processing bone 'body.right_pelvis.right_upper_leg.right_lower_leg' with 0 triangle_defs
[SETUP] TRIANGLE DEBUG: Processing bone 'body.left_pelvis.left_upper_leg.left_lower_leg.left_foot' with 0 triangle_defs
[SETUP] TRIANGLE DEBUG: Processing bone 'body.right_pelvis' with 0 triangle_defs
[SETUP] TRIANGLE DEBUG: Processing bone 'body.lower_spine.middle_spine.upper_spine.right_upper_arm.right_lower_arm.right_hand' with 0 triangle_defs
[SETUP] TRIANGLE DEBUG: Processing bone 'body.lower_spine.middle_spine.upper_spine.neck.head' with 0 triangle_defs
[SETUP] TRIANGLE DEBUG: Processing bone 'body.left_pelvis' with 0 triangle_defs
[SETUP] TRIANGLE DEBUG: Processing bone 'body.right_pelvis.right_upper_leg.right_lower_leg.right_foot' with 0 triangle_defs
[SETUP] TRIANGLE DEBUG: Processing bone 'body.left_pelvis.left_upper_leg.left_lower_leg' with 0 triangle_defs
[SETUP] TRIANGLE DEBUG: Processing bone 'body.lower_spine.middle_spine.upper_spine.neck' with 0 triangle_defs
[SETUP] TRIANGLE DEBUG: Processing bone 'body.lower_spine.middle_spine.upper_spine.right_upper_arm.right_lower_arm' with 0 triangle_defs
[SETUP] TRIANGLE DEBUG: Processing bone 'body.lower_spine.middle_spine.upper_spine' with 0 triangle_defs
[SETUP] TRIANGLE DEBUG: Processing bone 'body.right_pelvis.right_upper_leg' with 0 triangle_defs
[SETUP] TRIANGLE DEBUG: Processing bone 'body.lower_spine' with 2 triangle_defs
[SETUP] TRIANGLE DEBUG: Processing triangle 'f1' with vertices: ["ls1", "ls2", "ls3"]
[SETUP] TRIANGLE DEBUG: Found vertex 'ls1' at Vec3(8.742278e-9, 4.371139e-9, 0.1)
[SETUP] TRIANGLE DEBUG: Found vertex 'ls2' at Vec3(0.12990382, 3.2783536e-9, 0.07499999)
[SETUP] TRIANGLE DEBUG: Found vertex 'ls3' at Vec3(8.742278e-9, 0.08000001, 0.1)
[SETUP] TRIANGLE DEBUG: Added triangle 'body.lower_spine.f1' with vertices: [Vec3(8.742278e-9, 4.371139e-9, 0.1), Vec3(0.12990382, 3.2783536e-9, 0.07499999), Vec3(8.742278e-9, 0.08000001, 0.1)], color: [0.0, 0.0, 1.0, 0.5]
[SETUP] TRIANGLE DEBUG: Processing triangle 'f2' with vertices: ["ls2", "ls3", "ls4"]
[SETUP] TRIANGLE DEBUG: Found vertex 'ls2' at Vec3(0.12990382, 3.2783536e-9, 0.07499999)
[SETUP] TRIANGLE DEBUG: Found vertex 'ls3' at Vec3(8.742278e-9, 0.08000001, 0.1)
[SETUP] TRIANGLE DEBUG: Found vertex 'ls4' at Vec3(0.14722432, 0.080000006, 0.084999986)
[SETUP] TRIANGLE DEBUG: Added triangle 'body.lower_spine.f2' with vertices: [Vec3(0.12990382, 3.2783536e-9, 0.07499999), Vec3(8.742278e-9, 0.08000001, 0.1), Vec3(0.14722432, 0.080000006, 0.084999986)], color: [1.0, 1.0, 0.0, 0.5]
[SETUP] TRIANGLE DEBUG: Processing bone 'body.lower_spine.middle_spine.upper_spine.left_upper_arm.left_lower_arm' with 0 triangle_defs
INITIAL TRIANGLES:
Triangle body.lower_spine.f2: Vec3(0.12990382, 3.2783536e-9, 0.07499999), Vec3(8.742278e-9, 0.08000001, 0.1), Vec3(0.14722432, 0.080000006, 0.084999986), color: [1.0, 1.0, 0.0, 0.5]
Triangle body.lower_spine.f1: Vec3(8.742278e-9, 4.371139e-9, 0.1), Vec3(0.12990382, 3.2783536e-9, 0.07499999), Vec3(8.742278e-9, 0.08000001, 0.1), color: [0.0, 0.0, 1.0, 0.5]
[SETUP] FINAL MESHDATA: 2 triangles stored in MeshData
[SETUP] FINAL TRIANGLE: 'body.lower_spine.f2' vertices: [Vec3(0.12990382, 3.2783536e-9, 0.07499999), Vec3(8.742278e-9, 0.08000001, 0.1), Vec3(0.14722432, 0.080000006, 0.084999986)], color: [1.0, 1.0, 0.0, 0.5]
[SETUP] FINAL TRIANGLE: 'body.lower_spine.f1' vertices: [Vec3(8.742278e-9, 4.371139e-9, 0.1), Vec3(0.12990382, 3.2783536e-9, 0.07499999), Vec3(8.742278e-9, 0.08000001, 0.1)], color: [0.0, 0.0, 1.0, 0.5]
Triangle body.lower_spine.f2: Using color [1.0, 1.0, 0.0, 0.5]
Triangle body.lower_spine.f1: Using color [0.0, 0.0, 1.0, 0.5]
[TEMPLATE DEBUG] Total entities in scene: 6
[TEMPLATE DEBUG] Entities with Scene handles: 0
[TEMPLATE DEBUG] Entities with Mesh handles: 2
[TEMPLATE DEBUG] Template entities: 0
[TEMPLATE DEBUG] Total entities in scene: 6
[TEMPLATE DEBUG] Entities with Scene handles: 0
[TEMPLATE DEBUG] Entities with Mesh handles: 2
[TEMPLATE DEBUG] Template entities: 0
[TEMPLATE DEBUG] Total entities in scene: 6
[TEMPLATE DEBUG] Entities with Scene handles: 0
[TEMPLATE DEBUG] Entities with Mesh handles: 2
[TEMPLATE DEBUG] Template entities: 0
